Determining if the Q_WS_WIN exist failed with the following output:
Change Dir: /home/leonardo/Desktop/Modulos-Source/Modulos_to_Slicer/TextureProcessingExtension/TextureProcessing-Build/CMakeFiles/CMakeTmp

Run Build Command:"/usr/bin/make" "cmTC_58aeb/fast"
/usr/bin/make -f CMakeFiles/cmTC_58aeb.dir/build.make CMakeFiles/cmTC_58aeb.dir/build
make[1]: Entering directory '/home/leonardo/Desktop/Modulos-Source/Modulos_to_Slicer/TextureProcessingExtension/TextureProcessing-Build/CMakeFiles/CMakeTmp'
Building CXX object CMakeFiles/cmTC_58aeb.dir/CheckSymbolExists.cxx.o
/usr/bin/c++   -I/usr/include/qt4   -o CMakeFiles/cmTC_58aeb.dir/CheckSymbolExists.cxx.o -c /home/leonardo/Desktop/Modulos-Source/Modulos_to_Slicer/TextureProcessingExtension/TextureProcessing-Build/CMakeFiles/CMakeTmp/CheckSymbolExists.cxx
/home/leonardo/Desktop/Modulos-Source/Modulos_to_Slicer/TextureProcessingExtension/TextureProcessing-Build/CMakeFiles/CMakeTmp/CheckSymbolExists.cxx: In function ‘int main(int, char**)’:
/home/leonardo/Desktop/Modulos-Source/Modulos_to_Slicer/TextureProcessingExtension/TextureProcessing-Build/CMakeFiles/CMakeTmp/CheckSymbolExists.cxx:8:19: error: ‘Q_WS_WIN’ was not declared in this scope
   return ((int*)(&Q_WS_WIN))[argc];
                   ^
CMakeFiles/cmTC_58aeb.dir/build.make:65: recipe for target 'CMakeFiles/cmTC_58aeb.dir/CheckSymbolExists.cxx.o' failed
make[1]: *** [CMakeFiles/cmTC_58aeb.dir/CheckSymbolExists.cxx.o] Error 1
make[1]: Leaving directory '/home/leonardo/Desktop/Modulos-Source/Modulos_to_Slicer/TextureProcessingExtension/TextureProcessing-Build/CMakeFiles/CMakeTmp'
Makefile:126: recipe for target 'cmTC_58aeb/fast' failed
make: *** [cmTC_58aeb/fast] Error 2

File /home/leonardo/Desktop/Modulos-Source/Modulos_to_Slicer/TextureProcessingExtension/TextureProcessing-Build/CMakeFiles/CMakeTmp/CheckSymbolExists.cxx:
/* */
#include <QtCore/qglobal.h>

int main(int argc, char** argv)
{
  (void)argv;
#ifndef Q_WS_WIN
  return ((int*)(&Q_WS_WIN))[argc];
#else
  (void)argc;
  return 0;
#endif
}

Determining if the Q_WS_QWS exist failed with the following output:
Change Dir: /home/leonardo/Desktop/Modulos-Source/Modulos_to_Slicer/TextureProcessingExtension/TextureProcessing-Build/CMakeFiles/CMakeTmp

Run Build Command:"/usr/bin/make" "cmTC_7c165/fast"
/usr/bin/make -f CMakeFiles/cmTC_7c165.dir/build.make CMakeFiles/cmTC_7c165.dir/build
make[1]: Entering directory '/home/leonardo/Desktop/Modulos-Source/Modulos_to_Slicer/TextureProcessingExtension/TextureProcessing-Build/CMakeFiles/CMakeTmp'
Building CXX object CMakeFiles/cmTC_7c165.dir/CheckSymbolExists.cxx.o
/usr/bin/c++   -I/usr/include/qt4   -o CMakeFiles/cmTC_7c165.dir/CheckSymbolExists.cxx.o -c /home/leonardo/Desktop/Modulos-Source/Modulos_to_Slicer/TextureProcessingExtension/TextureProcessing-Build/CMakeFiles/CMakeTmp/CheckSymbolExists.cxx
/home/leonardo/Desktop/Modulos-Source/Modulos_to_Slicer/TextureProcessingExtension/TextureProcessing-Build/CMakeFiles/CMakeTmp/CheckSymbolExists.cxx: In function ‘int main(int, char**)’:
/home/leonardo/Desktop/Modulos-Source/Modulos_to_Slicer/TextureProcessingExtension/TextureProcessing-Build/CMakeFiles/CMakeTmp/CheckSymbolExists.cxx:8:19: error: ‘Q_WS_QWS’ was not declared in this scope
   return ((int*)(&Q_WS_QWS))[argc];
                   ^
CMakeFiles/cmTC_7c165.dir/build.make:65: recipe for target 'CMakeFiles/cmTC_7c165.dir/CheckSymbolExists.cxx.o' failed
make[1]: *** [CMakeFiles/cmTC_7c165.dir/CheckSymbolExists.cxx.o] Error 1
make[1]: Leaving directory '/home/leonardo/Desktop/Modulos-Source/Modulos_to_Slicer/TextureProcessingExtension/TextureProcessing-Build/CMakeFiles/CMakeTmp'
Makefile:126: recipe for target 'cmTC_7c165/fast' failed
make: *** [cmTC_7c165/fast] Error 2

File /home/leonardo/Desktop/Modulos-Source/Modulos_to_Slicer/TextureProcessingExtension/TextureProcessing-Build/CMakeFiles/CMakeTmp/CheckSymbolExists.cxx:
/* */
#include <QtCore/qglobal.h>

int main(int argc, char** argv)
{
  (void)argv;
#ifndef Q_WS_QWS
  return ((int*)(&Q_WS_QWS))[argc];
#else
  (void)argc;
  return 0;
#endif
}

Determining if the Q_WS_MAC exist failed with the following output:
Change Dir: /home/leonardo/Desktop/Modulos-Source/Modulos_to_Slicer/TextureProcessingExtension/TextureProcessing-Build/CMakeFiles/CMakeTmp

Run Build Command:"/usr/bin/make" "cmTC_92b57/fast"
/usr/bin/make -f CMakeFiles/cmTC_92b57.dir/build.make CMakeFiles/cmTC_92b57.dir/build
make[1]: Entering directory '/home/leonardo/Desktop/Modulos-Source/Modulos_to_Slicer/TextureProcessingExtension/TextureProcessing-Build/CMakeFiles/CMakeTmp'
Building CXX object CMakeFiles/cmTC_92b57.dir/CheckSymbolExists.cxx.o
/usr/bin/c++   -I/usr/include/qt4   -o CMakeFiles/cmTC_92b57.dir/CheckSymbolExists.cxx.o -c /home/leonardo/Desktop/Modulos-Source/Modulos_to_Slicer/TextureProcessingExtension/TextureProcessing-Build/CMakeFiles/CMakeTmp/CheckSymbolExists.cxx
/home/leonardo/Desktop/Modulos-Source/Modulos_to_Slicer/TextureProcessingExtension/TextureProcessing-Build/CMakeFiles/CMakeTmp/CheckSymbolExists.cxx: In function ‘int main(int, char**)’:
/home/leonardo/Desktop/Modulos-Source/Modulos_to_Slicer/TextureProcessingExtension/TextureProcessing-Build/CMakeFiles/CMakeTmp/CheckSymbolExists.cxx:8:19: error: ‘Q_WS_MAC’ was not declared in this scope
   return ((int*)(&Q_WS_MAC))[argc];
                   ^
CMakeFiles/cmTC_92b57.dir/build.make:65: recipe for target 'CMakeFiles/cmTC_92b57.dir/CheckSymbolExists.cxx.o' failed
make[1]: *** [CMakeFiles/cmTC_92b57.dir/CheckSymbolExists.cxx.o] Error 1
make[1]: Leaving directory '/home/leonardo/Desktop/Modulos-Source/Modulos_to_Slicer/TextureProcessingExtension/TextureProcessing-Build/CMakeFiles/CMakeTmp'
Makefile:126: recipe for target 'cmTC_92b57/fast' failed
make: *** [cmTC_92b57/fast] Error 2

File /home/leonardo/Desktop/Modulos-Source/Modulos_to_Slicer/TextureProcessingExtension/TextureProcessing-Build/CMakeFiles/CMakeTmp/CheckSymbolExists.cxx:
/* */
#include <QtCore/qglobal.h>

int main(int argc, char** argv)
{
  (void)argv;
#ifndef Q_WS_MAC
  return ((int*)(&Q_WS_MAC))[argc];
#else
  (void)argc;
  return 0;
#endif
}

Determining if the CXX compiler accepts the flag -features=no%anachronisms passed with the following output:
Change Dir: /home/leonardo/Desktop/Modulos-Source/Modulos_to_Slicer/TextureProcessingExtension/TextureProcessing-Build/CMakeFiles/CMakeTmp

Run Build Command:"/usr/bin/make" "cmTC_690bf/fast"
/usr/bin/make -f CMakeFiles/cmTC_690bf.dir/build.make CMakeFiles/cmTC_690bf.dir/build
make[1]: Entering directory '/home/leonardo/Desktop/Modulos-Source/Modulos_to_Slicer/TextureProcessingExtension/TextureProcessing-Build/CMakeFiles/CMakeTmp'
Building CXX object CMakeFiles/cmTC_690bf.dir/src.cxx.o
/usr/bin/c++    -features=no%anachronisms   -o CMakeFiles/cmTC_690bf.dir/src.cxx.o -c /home/leonardo/Desktop/Modulos-Source/Modulos_to_Slicer/TextureProcessingExtension/TextureProcessing-Build/CMakeFiles/CMakeTmp/src.cxx
c++: error: unrecognized command line option ‘-features=no%anachronisms’
CMakeFiles/cmTC_690bf.dir/build.make:65: recipe for target 'CMakeFiles/cmTC_690bf.dir/src.cxx.o' failed
make[1]: *** [CMakeFiles/cmTC_690bf.dir/src.cxx.o] Error 1
make[1]: Leaving directory '/home/leonardo/Desktop/Modulos-Source/Modulos_to_Slicer/TextureProcessingExtension/TextureProcessing-Build/CMakeFiles/CMakeTmp'
Makefile:126: recipe for target 'cmTC_690bf/fast' failed
make: *** [cmTC_690bf/fast] Error 2

Source file was:
int main() { return 0;}

